Determining if the pthread_create exist failed with the following output:
Change Dir: /home/samvrit/Desktop/ROS/srlrobot/build/CMakeFiles/CMakeTmp

Run Build Command:/usr/bin/make "cmTryCompileExec2964900765/fast"
/usr/bin/make -f CMakeFiles/cmTryCompileExec2964900765.dir/build.make CMakeFiles/cmTryCompileExec2964900765.dir/build
make[1]: Entering directory `/home/samvrit/Desktop/ROS/srlrobot/build/CMakeFiles/CMakeTmp'
/usr/bin/cmake -E cmake_progress_report /home/samvrit/Desktop/ROS/srlrobot/build/CMakeFiles/CMakeTmp/CMakeFiles 1
Building C object CMakeFiles/cmTryCompileExec2964900765.dir/CheckSymbolExists.c.o
/usr/bin/cc    -o CMakeFiles/cmTryCompileExec2964900765.dir/CheckSymbolExists.c.o   -c /home/samvrit/Desktop/ROS/srlrobot/build/CMakeFiles/CMakeTmp/CheckSymbolExists.c
Linking C executable cmTryCompileExec2964900765
/usr/bin/cmake -E cmake_link_script CMakeFiles/cmTryCompileExec2964900765.dir/link.txt --verbose=1
/usr/bin/cc       CMakeFiles/cmTryCompileExec2964900765.dir/CheckSymbolExists.c.o  -o cmTryCompileExec2964900765 -rdynamic 
CMakeFiles/cmTryCompileExec2964900765.dir/CheckSymbolExists.c.o: In function `main':
CheckSymbolExists.c:(.text+0x16): undefined reference to `pthread_create'
collect2: error: ld returned 1 exit status
make[1]: *** [cmTryCompileExec2964900765] Error 1
make[1]: Leaving directory `/home/samvrit/Desktop/ROS/srlrobot/build/CMakeFiles/CMakeTmp'
make: *** [cmTryCompileExec2964900765/fast] Error 2

File /home/samvrit/Desktop/ROS/srlrobot/build/CMakeFiles/CMakeTmp/CheckSymbolExists.c:
/* */
#include <pthread.h>

int main(int argc, char** argv)
{
  (void)argv;
#ifndef pthread_create
  return ((int*)(&pthread_create))[argc];
#else
  (void)argc;
  return 0;
#endif
}

Determining if the function pthread_create exists in the pthreads failed with the following output:
Change Dir: /home/samvrit/Desktop/ROS/srlrobot/build/CMakeFiles/CMakeTmp

Run Build Command:/usr/bin/make "cmTryCompileExec678496693/fast"
/usr/bin/make -f CMakeFiles/cmTryCompileExec678496693.dir/build.make CMakeFiles/cmTryCompileExec678496693.dir/build
make[1]: Entering directory `/home/samvrit/Desktop/ROS/srlrobot/build/CMakeFiles/CMakeTmp'
/usr/bin/cmake -E cmake_progress_report /home/samvrit/Desktop/ROS/srlrobot/build/CMakeFiles/CMakeTmp/CMakeFiles 1
Building C object CMakeFiles/cmTryCompileExec678496693.dir/CheckFunctionExists.c.o
/usr/bin/cc   -DCHECK_FUNCTION_EXISTS=pthread_create   -o CMakeFiles/cmTryCompileExec678496693.dir/CheckFunctionExists.c.o   -c /usr/share/cmake-2.8/Modules/CheckFunctionExists.c
Linking C executable cmTryCompileExec678496693
/usr/bin/cmake -E cmake_link_script CMakeFiles/cmTryCompileExec678496693.dir/link.txt --verbose=1
/usr/bin/cc   -DCHECK_FUNCTION_EXISTS=pthread_create    CMakeFiles/cmTryCompileExec678496693.dir/CheckFunctionExists.c.o  -o cmTryCompileExec678496693 -rdynamic -lpthreads 
/usr/bin/ld: cannot find -lpthreads
collect2: error: ld returned 1 exit status
make[1]: *** [cmTryCompileExec678496693] Error 1
make[1]: Leaving directory `/home/samvrit/Desktop/ROS/srlrobot/build/CMakeFiles/CMakeTmp'
make: *** [cmTryCompileExec678496693/fast] Error 2


